Compile Report
Microsemi Corporation - Microsemi Libero Software Release v11.6 SP1 (Version 11.6.1.6)
Date: Fri Mar 11 20:40:04 2016

Device Selection
+--------------------------------+----------------+
| Family                         | IGLOO2         |
| Device                         | M2GL050T       |
| Package                        | 896 FBGA       |
| Speed Grade                    | -1             |
| Temp                           | -40:25:100     |
| Voltage                        | 1.26:1.20:1.14 |
| Core Voltage                   | 1.2V           |
| Ramp Rate                      | 100ms Minimum  |
| System Controller Suspend Mode | No             |
| PLL Supply Voltage             | 2.5V           |
| Default I/O technology         | LVCMOS 2.5V    |
| Restrict Probe Pins            | Yes            |
| Restrict SPI Pins              | No             |
+--------------------------------+----------------+

Source Files
+---------+-----------------------------------------------------------------------------------------------------+
| Topcell | build                                                                                               |
| Format  | EDIF                                                                                                |
| Source  | C:\Projects\Verilog\led_IGLOO\led_dac_adc_work\libero\Mayak_DAC_ADC\synthesis\synthesis_1\build.edn |
| Source  | C:\Projects\Verilog\led_IGLOO\led_dac_adc_work\libero\Mayak_DAC_ADC\constraint\io\build.io.pdc      |
| Source  | C:\Projects\Verilog\led_IGLOO\led_dac_adc_work\libero\Mayak_DAC_ADC\constraint\fp\build.fp.pdc      |
+---------+-----------------------------------------------------------------------------------------------------+

Options
+---------------------------------------------------------+-------+
| Merge User SDC file(s) with Existing Timing Constraints | true  |
| Abort Compile if errors are found in PDC file(s)        | true  |
| Enable Single Event Transient mitigation                | false |
| Enable Design Separation Methodology                    | false |
| Limit the number of high fanout nets to display to      | 10    |
+---------------------------------------------------------+-------+

Resource Usage
+---------------------------+------+-------+------------+
| Type                      | Used | Total | Percentage |
+---------------------------+------+-------+------------+
| 4LUT                      | 1509 | 56340 | 2.68       |
| DFF                       | 1817 | 56340 | 3.23       |
| I/O Register              | 0    | 1125  | 0.00       |
| User I/O                  | 179  | 375   | 47.73      |
| -- Single-ended I/O       | 179  | 375   | 47.73      |
| -- Differential I/O Pairs | 0    | 187   | 0.00       |
| RAM64x18                  | 0    | 72    | 0.00       |
| RAM1K18                   | 9    | 69    | 13.04      |
| MACC                      | 0    | 72    | 0.00       |
| Chip Globals              | 3    | 16    | 18.75      |
| CCC                       | 1    | 6     | 16.67      |
| RCOSC_25_50MHZ            | 1    | 1     | 100.00     |
| RCOSC_1MHZ                | 0    | 1     | 0.00       |
| XTLOSC                    | 0    | 1     | 0.00       |
| SERDESIF Blocks           | 0    | 2     | 0.00       |
| -- SERDESIF Lanes         | 0    | 8     | 0.00       |
| FDDR                      | 0    | 1     | 0.00       |
| HPMS                      | 0    | 1     | 0.00       |
+---------------------------+------+-------+------------+

Detailed Logic Resource Usage
+--------------------------+------+------+
| Type                     | 4LUT | DFF  |
+--------------------------+------+------+
| Fabric Logic             | 1185 | 1493 |
| RAM64x18 Interface Logic | 0    | 0    |
| RAM1K18 Interface Logic  | 324  | 324  |
| MACC Interface Logic     | 0    | 0    |
| Total Used               | 1509 | 1817 |
+--------------------------+------+------+

Detailed Carry Chains Resource Usage
+--------+------+
| Length | Used |
| 7      | 1    |
| 9      | 2    |
| 11     | 3    |
| 15     | 1    |
| 26     | 2    |
| 32     | 1    |
| 34     | 1    |
| Total  | 11   |
+--------+------+

I/O Function
+-------------------------------+--------------+-------------+-----------------+
| Type                          | w/o register | w/ register | w/ DDR register |
+-------------------------------+--------------+-------------+-----------------+
| Input I/O                     | 52           | 0           | 0               |
| Output I/O                    | 127          | 0           | 0               |
| Bidirectional I/O             | 0            | 0           | 0               |
| Differential Input I/O Pairs  | 0            | 0           | 0               |
| Differential Output I/O Pairs | 0            | 0           | 0               |
+-------------------------------+--------------+-------------+-----------------+

I/O Technology
+--------------+--------+------+-------+--------+---------------+
| I/O Standard | Vddi   | Vref | Input | Output | Bidirectional |
+--------------+--------+------+-------+--------+---------------+
| LVCMOS33     |  3.30v |  N/A |  30   |  96    |  0            |
| LVCMOS25     |  2.50v |  N/A |  22   |  31    |  0            |
+--------------+--------+------+-------+--------+---------------+

I/O Placement
+----------+-------+------------+
| Type     | Count | Percentage |
+----------+-------+------------+
| Locked   |  177  | 98.88%     |
| Placed   |  0    | 0.00%      |
| UnPlaced |  2    | 1.12%      |
+----------+-------+------------+

Nets assigned to chip global resources
+--------+---------+-----------------------------------------------------------------------+
| Fanout | Type    | Name                                                                  |
+--------+---------+-----------------------------------------------------------------------+
| 849    | INT_NET | Net   : ident_coreinst/IICE_comm2iice[11]                             |
|        |         | Driver: ident_coreinst/comm_block_INST/jtagi/jtag_clkint_prim/U0_RGB1 |
|        |         | Source: NETLIST                                                       |
| 489    | INT_NET | Net   : BW_clk_c                                                      |
|        |         | Driver: build_sb_0/CCC_0/GL2_INST/U0_RGB1                             |
|        |         | Source: NETLIST                                                       |
| 163    | INT_NET | Net   : temp_sck_c                                                    |
|        |         | Driver: build_sb_0/CCC_0/GL1_INST/U0_RGB1                             |
|        |         | Source: NETLIST                                                       |
+--------+---------+-----------------------------------------------------------------------+

Nets assigned to row global resources
+--------+------+------+
| Fanout | Type | Name |
+--------+------+------+
+--------+------+------+

High fanout nets
+--------+---------+-----------------------------------------------------------------------------------------+
| Fanout | Type    | Name                                                                                    |
+--------+---------+-----------------------------------------------------------------------------------------+
| 465    | INT_NET | Net   : ident_coreinst/IICE_INST/b8_12m_IFLY/b4_PfFz/b5_PbrtL/b6_OKctIF4                |
|        |         | Driver: ident_coreinst/IICE_INST/b8_12m_IFLY/b4_PfFz/b5_PbrtL/b6_OKctIF4                |
| 198    | INT_NET | Net   : ident_coreinst/IICE_INST/b8_SoWGfWYY                                            |
|        |         | Driver: ident_coreinst/IICE_INST/b8_12m_IFLY/b5_nUTGT/b12_voSc3_gmasbb                  |
| 162    | INT_NET | Net   : ident_coreinst/IICE_INST/b3_SoW_0/b7_nYJ_BFM_or[10]                             |
|        |         | Driver: ident_coreinst/IICE_INST/b3_SoW_0/genblk9.b7_nYJ_BFM_or[10]                     |
| 86     | INT_NET | Net   : ident_coreinst/IICE_comm2iice[9]                                                |
|        |         | Driver: ident_coreinst/comm_block_INST/jtagi/b10_nv_ywKMm9X                             |
| 52     | INT_NET | Net   : temp_count_data[2]                                                              |
|        |         | Driver: led_igloo_0/temp_count_data[2]                                                  |
| 51     | INT_NET | Net   : temp_count_data[3]                                                              |
|        |         | Driver: led_igloo_0/temp_count_data[3]                                                  |
| 49     | INT_NET | Net   : temp_so_c                                                                       |
|        |         | Driver: temp_so_ibuf                                                                    |
| 46     | INT_NET | Net   : led_igloo_0/temp_state[0]                                                       |
|        |         | Driver: led_igloo_0/temp_state[0]                                                       |
| 38     | INT_NET | Net   : ident_coreinst/IICE_INST/b8_12m_IFLY/b5_nUTGT/b6_nfs_IF[1]                      |
|        |         | Driver: ident_coreinst/IICE_INST/b8_12m_IFLY/b5_nUTGT/b11_nUTGT_khWqH/genblk1.b3_nfs[1] |
| 34     | INT_NET | Net   : CFG0_GND_INST_NET                                                               |
|        |         | Driver: CFG0_GND_INST                                                                   |
+--------+---------+-----------------------------------------------------------------------------------------+

High fanout nets (through buffer trees)
+--------+---------+-----------------------------------------------------------------------------------------+
| Fanout | Type    | Name                                                                                    |
+--------+---------+-----------------------------------------------------------------------------------------+
| 465    | INT_NET | Net   : ident_coreinst/IICE_INST/b8_12m_IFLY/b4_PfFz/b5_PbrtL/b6_OKctIF4                |
|        |         | Driver: ident_coreinst/IICE_INST/b8_12m_IFLY/b4_PfFz/b5_PbrtL/b6_OKctIF4                |
| 198    | INT_NET | Net   : ident_coreinst/IICE_INST/b8_SoWGfWYY                                            |
|        |         | Driver: ident_coreinst/IICE_INST/b8_12m_IFLY/b5_nUTGT/b12_voSc3_gmasbb                  |
| 162    | INT_NET | Net   : ident_coreinst/IICE_INST/b3_SoW_0/b7_nYJ_BFM_or[10]                             |
|        |         | Driver: ident_coreinst/IICE_INST/b3_SoW_0/genblk9.b7_nYJ_BFM_or[10]                     |
| 86     | INT_NET | Net   : ident_coreinst/IICE_comm2iice[9]                                                |
|        |         | Driver: ident_coreinst/comm_block_INST/jtagi/b10_nv_ywKMm9X                             |
| 52     | INT_NET | Net   : temp_count_data[2]                                                              |
|        |         | Driver: led_igloo_0/temp_count_data[2]                                                  |
| 51     | INT_NET | Net   : temp_count_data[3]                                                              |
|        |         | Driver: led_igloo_0/temp_count_data[3]                                                  |
| 49     | INT_NET | Net   : temp_so_c                                                                       |
|        |         | Driver: temp_so_ibuf                                                                    |
| 46     | INT_NET | Net   : led_igloo_0/temp_state[0]                                                       |
|        |         | Driver: led_igloo_0/temp_state[0]                                                       |
| 38     | INT_NET | Net   : ident_coreinst/IICE_INST/b8_12m_IFLY/b5_nUTGT/b6_nfs_IF[1]                      |
|        |         | Driver: ident_coreinst/IICE_INST/b8_12m_IFLY/b5_nUTGT/b11_nUTGT_khWqH/genblk1.b3_nfs[1] |
| 34     | INT_NET | Net   : CFG0_GND_INST_NET                                                               |
|        |         | Driver: CFG0_GND_INST                                                                   |
+--------+---------+-----------------------------------------------------------------------------------------+

