Resource Usage Report for build 

Mapping to part: m2gl050tfbga896-1
Cell usage:
CCC             1 use
CLKINT          3 uses
RCOSC_25_50MHZ  1 use
UJTAG           1 use
CFG1           18 uses
CFG2           110 uses
CFG3           225 uses
CFG4           651 uses

Carry primitives used for arithmetic functions:
ARI1           188 uses


Sequential Cells: 
SLE            1493 uses

DSP Blocks:    0

I/O ports: 185
I/O primitives: 179
INBUF          52 uses
OUTBUF         55 uses
TRIBUFF        72 uses


Global Clock Buffers: 3


Total LUTs:    1192

Extra resources required for RAM and MACC interface logic during P&R:

RAM64x18 Interface Logic : SLEs = 0; LUTs = 0;
RAM1K18  Interface Logic : SLEs = 324; LUTs = 324;
MACC     Interface Logic : SLEs = 0; LUTs = 0;

Total number of SLEs after P&R:  1493 + 0 + 324 + 0 = 1817;
Total number of LUTs after P&R:  1192 + 0 + 324 + 0 = 1516;

