1457535084 -18:51:24 -0 -ipcServer::ipcServer params
Port:      58015
Logfile:   C:/Projects/Verilog/led_IGLOO/led_dac_adc_work/libero/Mayak_DAC_ADC/synthesis/ipc_tcp_microsemi_srv.log
Reconnect: 0
Use ipv6:  0

1457536076 -19:07:56 -0 -ipcServer::ipcServer params
Port:      58015
Logfile:   C:/Projects/Verilog/led_IGLOO/led_dac_adc_work/libero/Mayak_DAC_ADC/synthesis/ipc_tcp_microsemi_srv.log
Reconnect: 0
Use ipv6:  0

1457539257 -20:00:57 -0 -ipcServer::ipcServer params
Port:      58015
Logfile:   C:/Projects/Verilog/led_IGLOO/led_dac_adc_work/libero/Mayak_DAC_ADC/synthesis/ipc_tcp_microsemi_srv.log
Reconnect: 0
Use ipv6:  0

1457550111 -23:01:51 -0 -ipcServer::ipcServer params
Port:      58015
Logfile:   C:/Projects/Verilog/led_IGLOO/led_dac_adc_work/libero/Mayak_DAC_ADC/synthesis/ipc_tcp_microsemi_srv.log
Reconnect: 0
Use ipv6:  0

1457552581 -23:43:01 -0 -ipcServer::ipcServer params
Port:      58015
Logfile:   C:/Projects/Verilog/led_IGLOO/led_dac_adc_work/libero/Mayak_DAC_ADC/synthesis/ipc_tcp_microsemi_srv.log
Reconnect: 0
Use ipv6:  0

1457607907 -15:05:07 -0 -ReadSocket return B
1457607907 -15:05:07 -0 -... is coming from ipcServer::ReadFromSocket
1457608897 -15:21:37 -0 -ipcServer::ipcServer params
Port:      58015
Logfile:   C:/Projects/Verilog/led_IGLOO/led_dac_adc_work/libero/Mayak_DAC_ADC/synthesis/ipc_tcp_microsemi_srv.log
Reconnect: 0
Use ipv6:  0

1457615432 -17:10:32 -0 -ipcServer::ipcServer params
Port:      58015
Logfile:   C:/Projects/Verilog/led_IGLOO/led_dac_adc_work/libero/Mayak_DAC_ADC/synthesis/ipc_tcp_microsemi_srv.log
Reconnect: 0
Use ipv6:  0

1457617337 -17:42:17 -0 -ipcServer::ipcServer params
Port:      58015
Logfile:   C:/Projects/Verilog/led_IGLOO/led_dac_adc_work/libero/Mayak_DAC_ADC/synthesis/ipc_tcp_microsemi_srv.log
Reconnect: 0
Use ipv6:  0

1457618917 -18:08:37 -0 -ipcServer::ipcServer params
Port:      58015
Logfile:   C:/Projects/Verilog/led_IGLOO/led_dac_adc_work/libero/Mayak_DAC_ADC/synthesis/ipc_tcp_microsemi_srv.log
Reconnect: 0
Use ipv6:  0

1457700278 -16:44:38 -0 -ipcServer::ipcServer params
Port:      58015
Logfile:   C:/Projects/Verilog/led_IGLOO/led_dac_adc_work/libero/Mayak_DAC_ADC/synthesis/ipc_tcp_microsemi_srv.log
Reconnect: 0
Use ipv6:  0

1457701687 -17:08:07 -0 -ipcServer::ipcServer params
Port:      58015
Logfile:   C:/Projects/Verilog/led_IGLOO/led_dac_adc_work/libero/Mayak_DAC_ADC/synthesis/ipc_tcp_microsemi_srv.log
Reconnect: 0
Use ipv6:  0

1457704106 -17:48:26 -0 -ipcServer::ipcServer params
Port:      58015
Logfile:   C:/Projects/Verilog/led_IGLOO/led_dac_adc_work/libero/Mayak_DAC_ADC/synthesis/ipc_tcp_microsemi_srv.log
Reconnect: 0
Use ipv6:  0

1457705855 -18:17:35 -0 -ipcServer::ipcServer params
Port:      58015
Logfile:   C:/Projects/Verilog/led_IGLOO/led_dac_adc_work/libero/Mayak_DAC_ADC/synthesis/ipc_tcp_microsemi_srv.log
Reconnect: 0
Use ipv6:  0

1457707012 -18:36:52 -0 -ipcServer::ipcServer params
Port:      58015
Logfile:   C:/Projects/Verilog/led_IGLOO/led_dac_adc_work/libero/Mayak_DAC_ADC/synthesis/ipc_tcp_microsemi_srv.log
Reconnect: 0
Use ipv6:  0

1457709185 -19:13:05 -0 -ipcServer::ipcServer params
Port:      58015
Logfile:   C:/Projects/Verilog/led_IGLOO/led_dac_adc_work/libero/Mayak_DAC_ADC/synthesis/ipc_tcp_microsemi_srv.log
Reconnect: 0
Use ipv6:  0

1457711294 -19:48:14 -0 -ipcServer::ipcServer params
Port:      58015
Logfile:   C:/Projects/Verilog/led_IGLOO/led_dac_adc_work/libero/Mayak_DAC_ADC/synthesis/ipc_tcp_microsemi_srv.log
Reconnect: 0
Use ipv6:  0

1457711448 -19:50:48 -0 -ipcServer::ipcServer params
Port:      58015
Logfile:   C:/Projects/Verilog/led_IGLOO/led_dac_adc_work/libero/Mayak_DAC_ADC/synthesis/ipc_tcp_microsemi_srv.log
Reconnect: 0
Use ipv6:  0

1457711594 -19:53:14 -0 -ipcServer::ipcServer params
Port:      58015
Logfile:   C:/Projects/Verilog/led_IGLOO/led_dac_adc_work/libero/Mayak_DAC_ADC/synthesis/ipc_tcp_microsemi_srv.log
Reconnect: 0
Use ipv6:  0

1457711736 -19:55:36 -0 -ipcServer::ipcServer params
Port:      58015
Logfile:   C:/Projects/Verilog/led_IGLOO/led_dac_adc_work/libero/Mayak_DAC_ADC/synthesis/ipc_tcp_microsemi_srv.log
Reconnect: 0
Use ipv6:  0

1457711966 -19:59:26 -0 -ipcServer::ipcServer params
Port:      58015
Logfile:   C:/Projects/Verilog/led_IGLOO/led_dac_adc_work/libero/Mayak_DAC_ADC/synthesis/ipc_tcp_microsemi_srv.log
Reconnect: 0
Use ipv6:  0

1457712055 -20:00:55 -0 -ipcServer::ipcServer params
Port:      58015
Logfile:   C:/Projects/Verilog/led_IGLOO/led_dac_adc_work/libero/Mayak_DAC_ADC/synthesis/ipc_tcp_microsemi_srv.log
Reconnect: 0
Use ipv6:  0

1457712311 -20:05:11 -0 -ipcServer::ipcServer params
Port:      58015
Logfile:   C:/Projects/Verilog/led_IGLOO/led_dac_adc_work/libero/Mayak_DAC_ADC/synthesis/ipc_tcp_microsemi_srv.log
Reconnect: 0
Use ipv6:  0

1457712983 -20:16:23 -0 -ipcServer::ipcServer params
Port:      58015
Logfile:   C:/Projects/Verilog/led_IGLOO/led_dac_adc_work/libero/Mayak_DAC_ADC/synthesis/ipc_tcp_microsemi_srv.log
Reconnect: 0
Use ipv6:  0

1457715064 -20:51:04 -0 -ipcServer::ipcServer params
Port:      58015
Logfile:   C:/Projects/Verilog/led_IGLOO/led_dac_adc_work/libero/Mayak_DAC_ADC/synthesis/ipc_tcp_microsemi_srv.log
Reconnect: 0
Use ipv6:  0

1458038640 -14:44:00 -0 -ipcServer::ipcServer params
Port:      58015
Logfile:   C:/Projects/Verilog/led_IGLOO/led_dac_adc_qudr/led_dac_adc_work/libero/Mayak_DAC_ADC/synthesis/ipc_tcp_microsemi_srv.log
Reconnect: 0
Use ipv6:  0

1458039406 -14:56:46 -0 -ipcServer::ipcServer params
Port:      58015
Logfile:   C:/Projects/Verilog/led_IGLOO/led_dac_adc_qudr/led_dac_adc_work/libero/Mayak_DAC_ADC/synthesis/ipc_tcp_microsemi_srv.log
Reconnect: 0
Use ipv6:  0

1458048457 -17:27:37 -0 -ipcServer::ipcServer params
Port:      58015
Logfile:   C:/Projects/Verilog/led_IGLOO/led_dac_adc_qudr/led_dac_adc_work/libero/Mayak_DAC_ADC/synthesis/ipc_tcp_microsemi_srv.log
Reconnect: 0
Use ipv6:  0

1458052358 -18:32:38 -0 -ipcServer::ipcServer params
Port:      58015
Logfile:   C:/Projects/Verilog/led_IGLOO/led_dac_adc_qudr/led_dac_adc_work/libero/Mayak_DAC_ADC/synthesis/ipc_tcp_microsemi_srv.log
Reconnect: 0
Use ipv6:  0

1458054840 -19:14:00 -0 -ipcServer::ipcServer params
Port:      58015
Logfile:   C:/Projects/Verilog/led_IGLOO/led_dac_adc_qudr/led_dac_adc_work/libero/Mayak_DAC_ADC/synthesis/ipc_tcp_microsemi_srv.log
Reconnect: 0
Use ipv6:  0

