argv 1 -product
argv 3 -tsl
argv 5 -idb
argv 7 -synplify_install
argv 9 -synplify_tool
argv 11 -log
argv 12 C:/Projects/Verilog/led_IGLOO/led_dac_adc_work/libero/Mayak_DAC_ADC/synthesis/synthesis_1/synlog/build_identify_compile.log
argv 13 -family
argv 14 IGLOO2
argv 15 -prj
argv 17 -curimpl
argv 19 -dbgimpl
argv 20 synthesis_1
argv 21 -fver
argv 23 -f
argv 25 -ppid
argv 1 -product
argv 3 -srs_gen_hw
argv 5 -prj
argv 7 -idb
argv 9 -curimpl
argv 11 -write_sdc
argv 12 -tsl
argv 14 -idc
argv 16 -log
argv 17 C:\Projects\Verilog\led_IGLOO\led_dac_adc_work\libero\Mayak_DAC_ADC\synthesis\synthesis_1\identify.log
argv 1 build_syn.prj
argv 1 -product
argv 3 -tsl
argv 5 -idb
argv 7 -synplify_install
argv 9 -synplify_tool
argv 11 -log
argv 12 C:/Projects/Verilog/led_IGLOO/led_dac_adc_work/libero/Mayak_DAC_ADC/synthesis/synthesis_1/synlog/build_identify_compile.log
argv 13 -family
argv 14 IGLOO2
argv 15 -prj
argv 17 -curimpl
argv 19 -dbgimpl
argv 20 synthesis_1
argv 21 -fver
argv 23 -f
argv 25 -ppid
argv 1 -product
argv 3 -srs_gen_hw
argv 5 -prj
argv 7 -idb
argv 9 -curimpl
argv 11 -write_sdc
argv 12 -tsl
argv 14 -idc
argv 16 -log
argv 17 C:\Projects\Verilog\led_IGLOO\led_dac_adc_work\libero\Mayak_DAC_ADC\synthesis\synthesis_1\identify.log
argv 1 -product
argv 3 -tsl
argv 5 -idb
argv 7 -synplify_install
argv 9 -synplify_tool
argv 11 -log
argv 12 C:/Projects/Verilog/led_IGLOO/led_dac_adc_work/libero/Mayak_DAC_ADC/synthesis/synthesis_1/synlog/build_identify_compile.log
argv 13 -family
argv 14 IGLOO2
argv 15 -prj
argv 17 -curimpl
argv 19 -dbgimpl
argv 20 synthesis_1
argv 21 -fver
argv 23 -f
argv 25 -ppid
argv 1 -product
argv 3 -srs_gen_hw
argv 5 -prj
argv 7 -idb
argv 9 -curimpl
argv 11 -write_sdc
argv 12 -tsl
argv 14 -idc
argv 16 -log
argv 17 C:\Projects\Verilog\led_IGLOO\led_dac_adc_work\libero\Mayak_DAC_ADC\synthesis\synthesis_1\identify.log
argv 1 build_syn.prj
argv 1 -product
argv 3 -tsl
argv 5 -idb
argv 7 -synplify_install
argv 9 -synplify_tool
argv 11 -log
argv 12 C:/Projects/Verilog/led_IGLOO/led_dac_adc_work/libero/Mayak_DAC_ADC/synthesis/synthesis_1/synlog/build_identify_compile.log
argv 13 -family
argv 14 IGLOO2
argv 15 -prj
argv 17 -curimpl
argv 19 -dbgimpl
argv 20 synthesis_1
argv 21 -fver
argv 23 -f
argv 25 -ppid
argv 1 -product
argv 3 -srs_gen_hw
argv 5 -prj
argv 7 -idb
argv 9 -curimpl
argv 11 -write_sdc
argv 12 -tsl
argv 14 -idc
argv 16 -log
argv 17 C:\Projects\Verilog\led_IGLOO\led_dac_adc_work\libero\Mayak_DAC_ADC\synthesis\synthesis_1\identify.log
argv 1 build_syn.prj
argv 1 -product
argv 3 -tsl
argv 5 -idb
argv 7 -synplify_install
argv 9 -synplify_tool
argv 11 -log
argv 12 C:/Projects/Verilog/led_IGLOO/led_dac_adc_work/libero/Mayak_DAC_ADC/synthesis/synthesis_1/synlog/build_identify_compile.log
argv 13 -family
argv 14 IGLOO2
argv 15 -prj
argv 17 -curimpl
argv 19 -dbgimpl
argv 20 synthesis_1
argv 21 -fver
argv 23 -f
argv 25 -ppid
argv 1 -product
argv 3 -srs_gen_hw
argv 5 -prj
argv 7 -idb
argv 9 -curimpl
argv 11 -write_sdc
argv 12 -tsl
argv 14 -idc
argv 16 -log
argv 17 C:\Projects\Verilog\led_IGLOO\led_dac_adc_work\libero\Mayak_DAC_ADC\synthesis\synthesis_1\identify.log
argv 1 -product
argv 3 -tsl
argv 5 -idb
argv 7 -synplify_install
argv 9 -synplify_tool
argv 11 -log
argv 12 C:/Projects/Verilog/led_IGLOO/led_dac_adc_work/libero/Mayak_DAC_ADC/synthesis/synthesis_1/synlog/build_identify_compile.log
argv 13 -family
argv 14 IGLOO2
argv 15 -prj
argv 17 -curimpl
argv 19 -dbgimpl
argv 20 synthesis_1
argv 21 -fver
argv 23 -f
argv 25 -ppid
argv 1 -product
argv 3 -srs_gen_hw
argv 5 -prj
argv 7 -idb
argv 9 -curimpl
argv 11 -write_sdc
argv 12 -tsl
argv 14 -idc
argv 16 -log
argv 17 C:\Projects\Verilog\led_IGLOO\led_dac_adc_work\libero\Mayak_DAC_ADC\synthesis\synthesis_1\identify.log
argv 1 -product
argv 3 -tsl
argv 5 -idb
argv 7 -synplify_install
argv 9 -synplify_tool
argv 11 -log
argv 12 C:/Projects/Verilog/led_IGLOO/led_dac_adc_work/libero/Mayak_DAC_ADC/synthesis/synthesis_1/synlog/build_identify_compile.log
argv 13 -family
argv 14 IGLOO2
argv 15 -prj
argv 17 -curimpl
argv 19 -dbgimpl
argv 20 synthesis_1
argv 21 -fver
argv 23 -f
argv 25 -ppid
argv 1 -product
argv 3 -srs_gen_hw
argv 5 -prj
argv 7 -idb
argv 9 -curimpl
argv 11 -write_sdc
argv 12 -tsl
argv 14 -idc
argv 16 -log
argv 17 C:\Projects\Verilog\led_IGLOO\led_dac_adc_work\libero\Mayak_DAC_ADC\synthesis\synthesis_1\identify.log
argv 1 build_syn.prj
argv 1 -product
argv 3 -tsl
argv 5 -idb
argv 7 -synplify_install
argv 9 -synplify_tool
argv 11 -log
argv 12 C:/Projects/Verilog/led_IGLOO/led_dac_adc_work/libero/Mayak_DAC_ADC/synthesis/synthesis_1/synlog/build_identify_compile.log
argv 13 -family
argv 14 IGLOO2
argv 15 -prj
argv 17 -curimpl
argv 19 -dbgimpl
argv 20 synthesis_1
argv 21 -fver
argv 23 -f
argv 25 -ppid
argv 1 -product
argv 3 -srs_gen_hw
argv 5 -prj
argv 7 -idb
argv 9 -curimpl
argv 11 -write_sdc
argv 12 -tsl
argv 14 -idc
argv 16 -log
argv 17 C:\Projects\Verilog\led_IGLOO\led_dac_adc_work\libero\Mayak_DAC_ADC\synthesis\synthesis_1\identify.log
argv 1 -product
argv 3 -tsl
argv 5 -idb
argv 7 -synplify_install
argv 9 -synplify_tool
argv 11 -log
argv 12 C:/Projects/Verilog/led_IGLOO/led_dac_adc_work/libero/Mayak_DAC_ADC/synthesis/synthesis_1/synlog/build_identify_compile.log
argv 13 -family
argv 14 IGLOO2
argv 15 -prj
argv 17 -curimpl
argv 19 -dbgimpl
argv 20 synthesis_1
argv 21 -fver
argv 23 -f
argv 25 -ppid
argv 1 -product
argv 3 -srs_gen_hw
argv 5 -prj
argv 7 -idb
argv 9 -curimpl
argv 11 -write_sdc
argv 12 -tsl
argv 14 -idc
argv 16 -log
argv 17 C:\Projects\Verilog\led_IGLOO\led_dac_adc_work\libero\Mayak_DAC_ADC\synthesis\synthesis_1\identify.log
argv 1 build_syn.prj
argv 1 -product
argv 3 -tsl
argv 5 -idb
argv 7 -synplify_install
argv 9 -synplify_tool
argv 11 -log
argv 12 C:/Projects/Verilog/led_IGLOO/led_dac_adc_work/libero/Mayak_DAC_ADC/synthesis/synthesis_1/synlog/build_identify_compile.log
argv 13 -family
argv 14 IGLOO2
argv 15 -prj
argv 17 -curimpl
argv 19 -dbgimpl
argv 20 synthesis_1
argv 21 -fver
argv 23 -f
argv 25 -ppid
argv 1 -product
argv 3 -srs_gen_hw
argv 5 -prj
argv 7 -idb
argv 9 -curimpl
argv 11 -write_sdc
argv 12 -tsl
argv 14 -idc
argv 16 -log
argv 17 C:\Projects\Verilog\led_IGLOO\led_dac_adc_work\libero\Mayak_DAC_ADC\synthesis\synthesis_1\identify.log
argv 1 build_syn.prj
argv 1 -product
argv 3 -tsl
argv 5 -idb
argv 7 -synplify_install
argv 9 -synplify_tool
argv 11 -log
argv 12 C:/Projects/Verilog/led_IGLOO/led_dac_adc_work/libero/Mayak_DAC_ADC/synthesis/synthesis_1/synlog/build_identify_compile.log
argv 13 -family
argv 14 IGLOO2
argv 15 -prj
argv 17 -curimpl
argv 19 -dbgimpl
argv 20 synthesis_1
argv 21 -fver
argv 23 -f
argv 25 -ppid
argv 1 -product
argv 3 -srs_gen_hw
argv 5 -prj
argv 7 -idb
argv 9 -curimpl
argv 11 -write_sdc
argv 12 -tsl
argv 14 -idc
argv 16 -log
argv 17 C:\Projects\Verilog\led_IGLOO\led_dac_adc_work\libero\Mayak_DAC_ADC\synthesis\synthesis_1\identify.log
argv 1 build_syn.prj
argv 1 -product
argv 3 -tsl
argv 5 -idb
argv 7 -synplify_install
argv 9 -synplify_tool
argv 11 -log
argv 12 C:/Projects/Verilog/led_IGLOO/led_dac_adc_work/libero/Mayak_DAC_ADC/synthesis/synthesis_1/synlog/build_identify_compile.log
argv 13 -family
argv 14 IGLOO2
argv 15 -prj
argv 17 -curimpl
argv 19 -dbgimpl
argv 20 synthesis_1
argv 21 -fver
argv 23 -f
argv 25 -ppid
argv 1 -product
argv 3 -srs_gen_hw
argv 5 -prj
argv 7 -idb
argv 9 -curimpl
argv 11 -write_sdc
argv 12 -tsl
argv 14 -idc
argv 16 -log
argv 17 C:\Projects\Verilog\led_IGLOO\led_dac_adc_work\libero\Mayak_DAC_ADC\synthesis\synthesis_1\identify.log
argv 1 -product
argv 3 -tsl
argv 5 -idb
argv 7 -synplify_install
argv 9 -synplify_tool
argv 11 -log
argv 12 C:/Projects/Verilog/led_IGLOO/led_dac_adc_work/libero/Mayak_DAC_ADC/synthesis/synthesis_1/synlog/build_identify_compile.log
argv 13 -family
argv 14 IGLOO2
argv 15 -prj
argv 17 -curimpl
argv 19 -dbgimpl
argv 20 synthesis_1
argv 21 -fver
argv 23 -f
argv 25 -ppid
argv 1 -product
argv 3 -srs_gen_hw
argv 5 -prj
argv 7 -idb
argv 9 -curimpl
argv 11 -write_sdc
argv 12 -tsl
argv 14 -idc
argv 16 -log
argv 17 C:\Projects\Verilog\led_IGLOO\led_dac_adc_work\libero\Mayak_DAC_ADC\synthesis\synthesis_1\identify.log
argv 1 -product
argv 3 -tsl
argv 5 -idb
argv 7 -synplify_install
argv 9 -synplify_tool
argv 11 -log
argv 12 C:/Projects/Verilog/led_IGLOO/led_dac_adc_work/libero/Mayak_DAC_ADC/synthesis/synthesis_1/synlog/build_identify_compile.log
argv 13 -family
argv 14 IGLOO2
argv 15 -prj
argv 17 -curimpl
argv 19 -dbgimpl
argv 20 synthesis_1
argv 21 -fver
argv 23 -f
argv 25 -ppid
argv 1 -product
argv 3 -tsl
argv 5 -idb
argv 7 -synplify_install
argv 9 -synplify_tool
argv 11 -log
argv 12 C:/Projects/Verilog/led_IGLOO/led_dac_adc_work/libero/Mayak_DAC_ADC/synthesis/synthesis_1/synlog/build_identify_compile.log
argv 13 -family
argv 14 IGLOO2
argv 15 -prj
argv 17 -curimpl
argv 19 -dbgimpl
argv 20 synthesis_1
argv 21 -fver
argv 23 -f
argv 25 -ppid
argv 1 -product
argv 3 -tsl
argv 5 -idb
argv 7 -synplify_install
argv 9 -synplify_tool
argv 11 -log
argv 12 C:/Projects/Verilog/led_IGLOO/led_dac_adc_work/libero/Mayak_DAC_ADC/synthesis/synthesis_1/synlog/build_identify_compile.log
argv 13 -family
argv 14 IGLOO2
argv 15 -prj
argv 17 -curimpl
argv 19 -dbgimpl
argv 20 synthesis_1
argv 21 -fver
argv 23 -f
argv 25 -ppid
argv 1 -product
argv 3 -srs_gen_hw
argv 5 -prj
argv 7 -idb
argv 9 -curimpl
argv 11 -write_sdc
argv 12 -tsl
argv 14 -idc
argv 16 -log
argv 17 C:\Projects\Verilog\led_IGLOO\led_dac_adc_work\libero\Mayak_DAC_ADC\synthesis\synthesis_1\identify.log
argv 1 -product
argv 3 -tsl
argv 5 -idb
argv 7 -synplify_install
argv 9 -synplify_tool
argv 11 -log
argv 12 C:/Projects/Verilog/led_IGLOO/led_dac_adc_work/libero/Mayak_DAC_ADC/synthesis/synthesis_1/synlog/build_identify_compile.log
argv 13 -family
argv 14 IGLOO2
argv 15 -prj
argv 17 -curimpl
argv 19 -dbgimpl
argv 20 synthesis_1
argv 21 -fver
argv 23 -f
argv 25 -ppid
argv 1 -product
argv 3 -srs_gen_hw
argv 5 -prj
argv 7 -idb
argv 9 -curimpl
argv 11 -write_sdc
argv 12 -tsl
argv 14 -idc
argv 16 -log
argv 17 C:\Projects\Verilog\led_IGLOO\led_dac_adc_work\libero\Mayak_DAC_ADC\synthesis\synthesis_1\identify.log
argv 1 -product
argv 3 -tsl
argv 5 -idb
argv 7 -synplify_install
argv 9 -synplify_tool
argv 11 -log
argv 12 C:/Projects/Verilog/led_IGLOO/led_dac_adc_work/libero/Mayak_DAC_ADC/synthesis/synthesis_1/synlog/build_identify_compile.log
argv 13 -family
argv 14 IGLOO2
argv 15 -prj
argv 17 -curimpl
argv 19 -dbgimpl
argv 20 synthesis_1
argv 21 -fver
argv 23 -f
argv 25 -ppid
argv 1 -product
argv 3 -srs_gen_hw
argv 5 -prj
argv 7 -idb
argv 9 -curimpl
argv 11 -write_sdc
argv 12 -tsl
argv 14 -idc
argv 16 -log
argv 17 C:\Projects\Verilog\led_IGLOO\led_dac_adc_work\libero\Mayak_DAC_ADC\synthesis\synthesis_1\identify.log
argv 1 -product
argv 3 -tsl
argv 5 -idb
argv 7 -synplify_install
argv 9 -synplify_tool
argv 11 -log
argv 12 C:/Projects/Verilog/led_IGLOO/led_dac_adc_work/libero/Mayak_DAC_ADC/synthesis/synthesis_1/synlog/build_identify_compile.log
argv 13 -family
argv 14 IGLOO2
argv 15 -prj
argv 17 -curimpl
argv 19 -dbgimpl
argv 20 synthesis_1
argv 21 -fver
argv 23 -f
argv 25 -ppid
argv 1 -product
argv 3 -srs_gen_hw
argv 5 -prj
argv 7 -idb
argv 9 -curimpl
argv 11 -write_sdc
argv 12 -tsl
argv 14 -idc
argv 16 -log
argv 17 C:\Projects\Verilog\led_IGLOO\led_dac_adc_work\libero\Mayak_DAC_ADC\synthesis\synthesis_1\identify.log
argv 1 build_syn.prj
argv 1 -product
argv 3 -tsl
argv 5 -idb
argv 7 -synplify_install
argv 9 -synplify_tool
argv 11 -log
argv 12 C:/Projects/Verilog/led_IGLOO/led_dac_adc_work/libero/Mayak_DAC_ADC/synthesis/synthesis_1/synlog/build_identify_compile.log
argv 13 -family
argv 14 IGLOO2
argv 15 -prj
argv 17 -curimpl
argv 19 -dbgimpl
argv 20 synthesis_1
argv 21 -fver
argv 23 -f
argv 25 -ppid
argv 1 -product
argv 3 -srs_gen_hw
argv 5 -prj
argv 7 -idb
argv 9 -curimpl
argv 11 -write_sdc
argv 12 -tsl
argv 14 -idc
argv 16 -log
argv 17 C:\Projects\Verilog\led_IGLOO\led_dac_adc_work\libero\Mayak_DAC_ADC\synthesis\synthesis_1\identify.log
argv 1 build_syn.prj
argv 1 -product
argv 3 -tsl
argv 5 -idb
argv 7 -synplify_install
argv 9 -synplify_tool
argv 11 -log
argv 12 C:/Projects/Verilog/led_IGLOO/led_dac_adc_work/libero/Mayak_DAC_ADC/synthesis/synthesis_1/synlog/build_identify_compile.log
argv 13 -family
argv 14 IGLOO2
argv 15 -prj
argv 17 -curimpl
argv 19 -dbgimpl
argv 20 synthesis_1
argv 21 -fver
argv 23 -f
argv 25 -ppid
argv 1 -product
argv 3 -srs_gen_hw
argv 5 -prj
argv 7 -idb
argv 9 -curimpl
argv 11 -write_sdc
argv 12 -tsl
argv 14 -idc
argv 16 -log
argv 17 C:\Projects\Verilog\led_IGLOO\led_dac_adc_work\libero\Mayak_DAC_ADC\synthesis\synthesis_1\identify.log
argv 1 build_syn.prj
argv 1 -product
argv 3 -tsl
argv 5 -idb
argv 7 -synplify_install
argv 9 -synplify_tool
argv 11 -log
argv 12 C:/Projects/Verilog/led_IGLOO/led_dac_adc_work/libero/Mayak_DAC_ADC/synthesis/synthesis_1/synlog/build_identify_compile.log
argv 13 -family
argv 14 IGLOO2
argv 15 -prj
argv 17 -curimpl
argv 19 -dbgimpl
argv 20 synthesis_1
argv 21 -fver
argv 23 -f
argv 25 -ppid
argv 1 -product
argv 3 -srs_gen_hw
argv 5 -prj
argv 7 -idb
argv 9 -curimpl
argv 11 -write_sdc
argv 12 -tsl
argv 14 -idc
argv 16 -log
argv 17 C:\Projects\Verilog\led_IGLOO\led_dac_adc_work\libero\Mayak_DAC_ADC\synthesis\synthesis_1\identify.log
argv 1 -product
argv 3 -tsl
argv 5 -idb
argv 7 -synplify_install
argv 9 -synplify_tool
argv 11 -log
argv 12 C:/Projects/Verilog/led_IGLOO/led_dac_adc_work/libero/Mayak_DAC_ADC/synthesis/synthesis_1/synlog/build_identify_compile.log
argv 13 -family
argv 14 IGLOO2
argv 15 -prj
argv 17 -curimpl
argv 19 -dbgimpl
argv 20 synthesis_1
argv 21 -fver
argv 23 -f
argv 25 -ppid
argv 1 -product
argv 3 -srs_gen_hw
argv 5 -prj
argv 7 -idb
argv 9 -curimpl
argv 11 -write_sdc
argv 12 -tsl
argv 14 -idc
argv 16 -log
argv 17 C:\Projects\Verilog\led_IGLOO\led_dac_adc_work\libero\Mayak_DAC_ADC\synthesis\synthesis_1\identify.log
argv 1 -product
argv 3 -tsl
argv 5 -idb
argv 7 -synplify_install
argv 9 -synplify_tool
argv 11 -log
argv 12 C:/Projects/Verilog/led_IGLOO/led_dac_adc_work/libero/Mayak_DAC_ADC/synthesis/synthesis_1/synlog/build_identify_compile.log
argv 13 -family
argv 14 IGLOO2
argv 15 -prj
argv 17 -curimpl
argv 19 -dbgimpl
argv 20 synthesis_1
argv 21 -fver
argv 23 -f
argv 25 -ppid
argv 1 -product
argv 3 -srs_gen_hw
argv 5 -prj
argv 7 -idb
argv 9 -curimpl
argv 11 -write_sdc
argv 12 -tsl
argv 14 -idc
argv 16 -log
argv 17 C:\Projects\Verilog\led_IGLOO\led_dac_adc_work\libero\Mayak_DAC_ADC\synthesis\synthesis_1\identify.log
argv 1 build_syn.prj
argv 1 -product
argv 3 -tsl
argv 5 -idb
argv 7 -synplify_install
argv 9 -synplify_tool
argv 11 -log
argv 12 C:/Projects/Verilog/led_IGLOO/led_dac_adc_work/libero/Mayak_DAC_ADC/synthesis/synthesis_1/synlog/build_identify_compile.log
argv 13 -family
argv 14 IGLOO2
argv 15 -prj
argv 17 -curimpl
argv 19 -dbgimpl
argv 20 synthesis_1
argv 21 -fver
argv 23 -f
argv 25 -ppid
argv 1 -product
argv 3 -srs_gen_hw
argv 5 -prj
argv 7 -idb
argv 9 -curimpl
argv 11 -write_sdc
argv 12 -tsl
argv 14 -idc
argv 16 -log
argv 17 C:\Projects\Verilog\led_IGLOO\led_dac_adc_work\libero\Mayak_DAC_ADC\synthesis\synthesis_1\identify.log
argv 1 build_syn.prj
argv 1 -product
argv 3 -tsl
argv 5 -idb
argv 7 -synplify_install
argv 9 -synplify_tool
argv 11 -log
argv 12 C:/Projects/Verilog/led_IGLOO/led_dac_adc_work/libero/Mayak_DAC_ADC/synthesis/synthesis_1/synlog/build_identify_compile.log
argv 13 -family
argv 14 IGLOO2
argv 15 -prj
argv 17 -curimpl
argv 19 -dbgimpl
argv 20 synthesis_1
argv 21 -fver
argv 23 -f
argv 25 -ppid
argv 1 -product
argv 3 -srs_gen_hw
argv 5 -prj
argv 7 -idb
argv 9 -curimpl
argv 11 -write_sdc
argv 12 -tsl
argv 14 -idc
argv 16 -log
argv 17 C:\Projects\Verilog\led_IGLOO\led_dac_adc_work\libero\Mayak_DAC_ADC\synthesis\synthesis_1\identify.log
argv 1 -product
argv 3 -tsl
argv 5 -idb
argv 7 -synplify_install
argv 9 -synplify_tool
argv 11 -log
argv 12 C:/Projects/Verilog/led_IGLOO/led_dac_adc_work/libero/Mayak_DAC_ADC/synthesis/synthesis_1/synlog/build_identify_compile.log
argv 13 -family
argv 14 IGLOO2
argv 15 -prj
argv 17 -curimpl
argv 19 -dbgimpl
argv 20 synthesis_1
argv 21 -fver
argv 23 -f
argv 25 -ppid
argv 1 -product
argv 3 -srs_gen_hw
argv 5 -prj
argv 7 -idb
argv 9 -curimpl
argv 11 -write_sdc
argv 12 -tsl
argv 14 -idc
argv 16 -log
argv 17 C:\Projects\Verilog\led_IGLOO\led_dac_adc_work\libero\Mayak_DAC_ADC\synthesis\synthesis_1\identify.log
argv 1 build_syn.prj
argv 1 -product
argv 3 -tsl
argv 5 -idb
argv 7 -synplify_install
argv 9 -synplify_tool
argv 11 -log
argv 12 C:/Projects/Verilog/led_IGLOO/led_dac_adc_work/libero/Mayak_DAC_ADC/synthesis/synthesis_1/synlog/build_identify_compile.log
argv 13 -family
argv 14 IGLOO2
argv 15 -prj
argv 17 -curimpl
argv 19 -dbgimpl
argv 20 synthesis_1
argv 21 -fver
argv 23 -f
argv 25 -ppid
argv 1 -product
argv 3 -tsl
argv 5 -idb
argv 7 -synplify_install
argv 9 -synplify_tool
argv 11 -log
argv 12 C:/Projects/Verilog/led_IGLOO/led_dac_adc_work/libero/Mayak_DAC_ADC/synthesis/synthesis_1/synlog/build_identify_compile.log
argv 13 -family
argv 14 IGLOO2
argv 15 -prj
argv 17 -curimpl
argv 19 -dbgimpl
argv 20 synthesis_1
argv 21 -fver
argv 23 -f
argv 25 -ppid
argv 1 -product
argv 3 -srs_gen_hw
argv 5 -prj
argv 7 -idb
argv 9 -curimpl
argv 11 -write_sdc
argv 12 -tsl
argv 14 -idc
argv 16 -log
argv 17 C:\Projects\Verilog\led_IGLOO\led_dac_adc_work\libero\Mayak_DAC_ADC\synthesis\synthesis_1\identify.log
argv 1 -product
argv 3 -tsl
argv 5 -idb
argv 7 -synplify_install
argv 9 -synplify_tool
argv 11 -log
argv 12 C:/Projects/Verilog/led_IGLOO/led_dac_adc_work/libero/Mayak_DAC_ADC/synthesis/synthesis_1/synlog/build_identify_compile.log
argv 13 -family
argv 14 IGLOO2
argv 15 -prj
argv 17 -curimpl
argv 19 -dbgimpl
argv 20 synthesis_1
argv 21 -fver
argv 23 -f
argv 25 -ppid
argv 1 -product
argv 3 -srs_gen_hw
argv 5 -prj
argv 7 -idb
argv 9 -curimpl
argv 11 -write_sdc
argv 12 -tsl
argv 14 -idc
argv 16 -log
argv 17 C:\Projects\Verilog\led_IGLOO\led_dac_adc_work\libero\Mayak_DAC_ADC\synthesis\synthesis_1\identify.log
argv 1 build_syn.prj
argv 1 -product
argv 3 -tsl
argv 5 -idb
argv 7 -synplify_install
argv 9 -synplify_tool
argv 11 -log
argv 12 C:/Projects/Verilog/led_IGLOO/led_dac_adc_work/libero/Mayak_DAC_ADC/synthesis/synthesis_1/synlog/build_identify_compile.log
argv 13 -family
argv 14 IGLOO2
argv 15 -prj
argv 17 -curimpl
argv 19 -dbgimpl
argv 20 synthesis_1
argv 21 -fver
argv 23 -f
argv 25 -ppid
argv 1 -product
argv 3 -srs_gen_hw
argv 5 -prj
argv 7 -idb
argv 9 -curimpl
argv 11 -write_sdc
argv 12 -tsl
argv 14 -idc
argv 16 -log
argv 17 C:\Projects\Verilog\led_IGLOO\led_dac_adc_work\libero\Mayak_DAC_ADC\synthesis\synthesis_1\identify.log
argv 1 build_syn.prj
argv 1 -product
argv 3 -tsl
argv 5 -idb
argv 7 -synplify_install
argv 9 -synplify_tool
argv 11 -log
argv 12 C:/Projects/Verilog/led_IGLOO/led_dac_adc_work/libero/Mayak_DAC_ADC/synthesis/synthesis_1/synlog/build_identify_compile.log
argv 13 -family
argv 14 IGLOO2
argv 15 -prj
argv 17 -curimpl
argv 19 -dbgimpl
argv 20 synthesis_1
argv 21 -fver
argv 23 -f
argv 25 -ppid
argv 1 -product
argv 3 -srs_gen_hw
argv 5 -prj
argv 7 -idb
argv 9 -curimpl
argv 11 -write_sdc
argv 12 -tsl
argv 14 -idc
argv 16 -log
argv 17 C:\Projects\Verilog\led_IGLOO\led_dac_adc_work\libero\Mayak_DAC_ADC\synthesis\synthesis_1\identify.log
argv 1 build_syn.prj
argv 1 -product
argv 3 -tsl
argv 5 -idb
argv 7 -synplify_install
argv 9 -synplify_tool
argv 11 -log
argv 12 C:/Projects/Verilog/led_IGLOO/led_dac_adc_work/libero/Mayak_DAC_ADC/synthesis/synthesis_1/synlog/build_identify_compile.log
argv 13 -family
argv 14 IGLOO2
argv 15 -prj
argv 17 -curimpl
argv 19 -dbgimpl
argv 20 synthesis_1
argv 21 -fver
argv 23 -f
argv 25 -ppid
argv 1 -product
argv 3 -srs_gen_hw
argv 5 -prj
argv 7 -idb
argv 9 -curimpl
argv 11 -write_sdc
argv 12 -tsl
argv 14 -idc
argv 16 -log
argv 17 C:\Projects\Verilog\led_IGLOO\led_dac_adc_work\libero\Mayak_DAC_ADC\synthesis\synthesis_1\identify.log
argv 1 build_syn.prj
argv 1 build_syn.prj
argv 1 build_syn.prj
argv 1 build_syn.prj
argv 1 build_syn.prj
argv 1 build_syn.prj
argv 1 -product
argv 3 -tsl
argv 5 -idb
argv 7 -synplify_install
argv 9 -synplify_tool
argv 11 -log
argv 12 C:/Projects/Verilog/led_IGLOO/led_dac_adc_work/libero/Mayak_DAC_ADC/synthesis/synthesis_1/synlog/build_identify_compile.log
argv 13 -family
argv 14 IGLOO2
argv 15 -prj
argv 17 -curimpl
argv 19 -dbgimpl
argv 20 synthesis_1
argv 21 -fver
argv 23 -f
argv 25 -ppid
argv 1 -product
argv 3 -srs_gen_hw
argv 5 -prj
argv 7 -idb
argv 9 -curimpl
argv 11 -write_sdc
argv 12 -tsl
argv 14 -idc
argv 16 -log
argv 17 C:\Projects\Verilog\led_IGLOO\led_dac_adc_work\libero\Mayak_DAC_ADC\synthesis\synthesis_1\identify.log
argv 1 build_syn.prj
argv 1 -product
argv 3 -tsl
argv 5 -idb
argv 7 -synplify_install
argv 9 -synplify_tool
argv 11 -log
argv 12 C:/Projects/Verilog/led_IGLOO/led_dac_adc_work/libero/Mayak_DAC_ADC/synthesis/synthesis_1/synlog/build_identify_compile.log
argv 13 -family
argv 14 IGLOO2
argv 15 -prj
argv 17 -curimpl
argv 19 -dbgimpl
argv 20 synthesis_1
argv 21 -fver
argv 23 -f
argv 25 -ppid
argv 1 -product
argv 3 -srs_gen_hw
argv 5 -prj
argv 7 -idb
argv 9 -curimpl
argv 11 -write_sdc
argv 12 -tsl
argv 14 -idc
argv 16 -log
argv 17 C:\Projects\Verilog\led_IGLOO\led_dac_adc_work\libero\Mayak_DAC_ADC\synthesis\synthesis_1\identify.log
argv 1 -product
argv 3 -tsl
argv 5 -idb
argv 7 -synplify_install
argv 9 -synplify_tool
argv 11 -log
argv 12 C:/Projects/Verilog/led_IGLOO/led_dac_adc_work/libero/Mayak_DAC_ADC/synthesis/synthesis_1/synlog/build_identify_compile.log
argv 13 -family
argv 14 IGLOO2
argv 15 -prj
argv 17 -curimpl
argv 19 -dbgimpl
argv 20 synthesis_1
argv 21 -fver
argv 23 -f
argv 25 -ppid
argv 1 -product
argv 3 -srs_gen_hw
argv 5 -prj
argv 7 -idb
argv 9 -curimpl
argv 11 -write_sdc
argv 12 -tsl
argv 14 -idc
argv 16 -log
argv 17 C:\Projects\Verilog\led_IGLOO\led_dac_adc_work\libero\Mayak_DAC_ADC\synthesis\synthesis_1\identify.log
argv 1 build_syn.prj
argv 1 -product
argv 3 -tsl
argv 5 -idb
argv 7 -synplify_install
argv 9 -synplify_tool
argv 11 -log
argv 12 C:/Projects/Verilog/led_IGLOO/led_dac_adc_qudr/led_dac_adc_work/libero/Mayak_DAC_ADC/synthesis/synthesis_1/synlog/build_identify_compile.log
argv 13 -family
argv 14 IGLOO2
argv 15 -prj
argv 17 -curimpl
argv 19 -dbgimpl
argv 20 synthesis_1
argv 21 -fver
argv 23 -f
argv 25 -ppid
argv 1 -product
argv 3 -srs_gen_hw
argv 5 -prj
argv 7 -idb
argv 9 -curimpl
argv 11 -write_sdc
argv 12 -tsl
argv 14 -idc
argv 16 -log
argv 17 C:\Projects\Verilog\led_IGLOO\led_dac_adc_qudr\led_dac_adc_work\libero\Mayak_DAC_ADC\synthesis\synthesis_1\identify.log
argv 1 -product
argv 3 -tsl
argv 5 -idb
argv 7 -synplify_install
argv 9 -synplify_tool
argv 11 -log
argv 12 C:/Projects/Verilog/led_IGLOO/led_dac_adc_qudr/led_dac_adc_work/libero/Mayak_DAC_ADC/synthesis/synthesis_1/synlog/build_identify_compile.log
argv 13 -family
argv 14 IGLOO2
argv 15 -prj
argv 17 -curimpl
argv 19 -dbgimpl
argv 20 synthesis_1
argv 21 -fver
argv 23 -f
argv 25 -ppid
argv 1 -product
argv 3 -srs_gen_hw
argv 5 -prj
argv 7 -idb
argv 9 -curimpl
argv 11 -write_sdc
argv 12 -tsl
argv 14 -idc
argv 16 -log
argv 17 C:\Projects\Verilog\led_IGLOO\led_dac_adc_qudr\led_dac_adc_work\libero\Mayak_DAC_ADC\synthesis\synthesis_1\identify.log
argv 1 build_syn.prj
argv 1 -product
argv 3 -tsl
argv 5 -idb
argv 7 -synplify_install
argv 9 -synplify_tool
argv 11 -log
argv 12 C:/Projects/Verilog/led_IGLOO/led_dac_adc_qudr/led_dac_adc_work/libero/Mayak_DAC_ADC/synthesis/synthesis_1/synlog/build_identify_compile.log
argv 13 -family
argv 14 IGLOO2
argv 15 -prj
argv 17 -curimpl
argv 19 -dbgimpl
argv 20 synthesis_1
argv 21 -fver
argv 23 -f
argv 25 -ppid
argv 1 -product
argv 3 -srs_gen_hw
argv 5 -prj
argv 7 -idb
argv 9 -curimpl
argv 11 -write_sdc
argv 12 -tsl
argv 14 -idc
argv 16 -log
argv 17 C:\Projects\Verilog\led_IGLOO\led_dac_adc_qudr\led_dac_adc_work\libero\Mayak_DAC_ADC\synthesis\synthesis_1\identify.log
argv 1 build_syn.prj
argv 1 -product
argv 3 -tsl
argv 5 -idb
argv 7 -synplify_install
argv 9 -synplify_tool
argv 11 -log
argv 12 C:/Projects/Verilog/led_IGLOO/led_dac_adc_qudr/led_dac_adc_work/libero/Mayak_DAC_ADC/synthesis/synthesis_1/synlog/build_identify_compile.log
argv 13 -family
argv 14 IGLOO2
argv 15 -prj
argv 17 -curimpl
argv 19 -dbgimpl
argv 20 synthesis_1
argv 21 -fver
argv 23 -f
argv 25 -ppid
argv 1 -product
argv 3 -srs_gen_hw
argv 5 -prj
argv 7 -idb
argv 9 -curimpl
argv 11 -write_sdc
argv 12 -tsl
argv 14 -idc
argv 16 -log
argv 17 C:\Projects\Verilog\led_IGLOO\led_dac_adc_qudr\led_dac_adc_work\libero\Mayak_DAC_ADC\synthesis\synthesis_1\identify.log
argv 1 build_syn.prj
argv 1 build_syn.prj
argv 1 -product
argv 3 -tsl
argv 5 -idb
argv 7 -synplify_install
argv 9 -synplify_tool
argv 11 -log
argv 12 C:/Projects/Verilog/led_IGLOO/led_dac_adc_qudr/led_dac_adc_work/libero/Mayak_DAC_ADC/synthesis/synthesis_1/synlog/build_identify_compile.log
argv 13 -family
argv 14 IGLOO2
argv 15 -prj
argv 17 -curimpl
argv 19 -dbgimpl
argv 20 synthesis_1
argv 21 -fver
argv 23 -f
argv 25 -ppid
argv 1 -product
argv 3 -srs_gen_hw
argv 5 -prj
argv 7 -idb
argv 9 -curimpl
argv 11 -write_sdc
argv 12 -tsl
argv 14 -idc
argv 16 -log
argv 17 C:\Projects\Verilog\led_IGLOO\led_dac_adc_qudr\led_dac_adc_work\libero\Mayak_DAC_ADC\synthesis\synthesis_1\identify.log
argv 1 -product
argv 3 -tsl
argv 5 -idb
argv 7 -synplify_install
argv 9 -synplify_tool
argv 11 -log
argv 12 C:/Projects/Verilog/led_IGLOO/led_dac_adc_qudr/led_dac_adc_work/libero/Mayak_DAC_ADC/synthesis/synthesis_1/synlog/build_identify_compile.log
argv 13 -family
argv 14 IGLOO2
argv 15 -prj
argv 17 -curimpl
argv 19 -dbgimpl
argv 20 synthesis_1
argv 21 -fver
argv 23 -f
argv 25 -ppid
argv 1 -product
argv 3 -srs_gen_hw
argv 5 -prj
argv 7 -idb
argv 9 -curimpl
argv 11 -write_sdc
argv 12 -tsl
argv 14 -idc
argv 16 -log
argv 17 C:\Projects\Verilog\led_IGLOO\led_dac_adc_qudr\led_dac_adc_work\libero\Mayak_DAC_ADC\synthesis\synthesis_1\identify.log
argv 1 build_syn.prj
argv 1 -product
argv 3 -tsl
argv 5 -idb
argv 7 -synplify_install
argv 9 -synplify_tool
argv 11 -log
argv 12 C:/Projects/Verilog/led_IGLOO/led_dac_adc_qudr/led_dac_adc_work/libero/Mayak_DAC_ADC/synthesis/synthesis_1/synlog/build_identify_compile.log
argv 13 -family
argv 14 IGLOO2
argv 15 -prj
argv 17 -curimpl
argv 19 -dbgimpl
argv 20 synthesis_1
argv 21 -fver
argv 23 -f
argv 25 -ppid
argv 1 -product
argv 3 -srs_gen_hw
argv 5 -prj
argv 7 -idb
argv 9 -curimpl
argv 11 -write_sdc
argv 12 -tsl
argv 14 -idc
argv 16 -log
argv 17 C:\Projects\Verilog\led_IGLOO\led_dac_adc_qudr\led_dac_adc_work\libero\Mayak_DAC_ADC\synthesis\synthesis_1\identify.log
