Resource Usage Report for led_igloo 

Mapping to part: m2gl050tfbga896-1
CFG2           2 uses
CFG3           2 uses
CFG4           9 uses

Sequential Cells: 
SLE            0 uses

DSP Blocks:    0

I/O ports: 182
I/O primitives: 182
INBUF          37 uses
OUTBUF         27 uses
TRIBUFF        118 uses


Total LUTs:    13

Extra resources required for RAM and MACC interface logic during P&R:

RAM64x18 Interface Logic : SLEs = 0; LUTs = 0;
RAM1K18  Interface Logic : SLEs = 0; LUTs = 0;
MACC     Interface Logic : SLEs = 0; LUTs = 0;

Total number of SLEs after P&R:  0 + 0 + 0 + 0 = 0;
Total number of LUTs after P&R:  13 + 0 + 0 + 0 = 13;

