Resource Usage Report for build 

Mapping to part: m2gl050tfbga896-1
Cell usage:
CCC             1 use
CLKINT          2 uses
RCOSC_25_50MHZ  1 use
CFG1           5 uses
CFG2           26 uses
CFG3           22 uses
CFG4           48 uses

Carry primitives used for arithmetic functions:
ARI1           74 uses


Sequential Cells: 
SLE            89 uses

DSP Blocks:    0

I/O ports: 184
I/O primitives: 182
INBUF          40 uses
OUTBUF         38 uses
TRIBUFF        104 uses


Global Clock Buffers: 2


Total LUTs:    175

Extra resources required for RAM and MACC interface logic during P&R:

RAM64x18 Interface Logic : SLEs = 0; LUTs = 0;
RAM1K18  Interface Logic : SLEs = 0; LUTs = 0;
MACC     Interface Logic : SLEs = 0; LUTs = 0;

Total number of SLEs after P&R:  89 + 0 + 0 + 0 = 89;
Total number of LUTs after P&R:  175 + 0 + 0 + 0 = 175;

